<?xml version="1.0" encoding="UTF-8"?>
<testsuite name="Testing" tests="3" skipped="0" failures="0" errors="0" timestamp="2024-04-02T20:33:55" hostname="A-GOLDEN-GIRL" time="0.028">
  <properties/>
  <testcase name="echoCorrect" classname="Testing" time="0.014"/>
  <testcase name="typeWrong" classname="Testing" time="0.01"/>
  <testcase name="echoErrors" classname="Testing" time="0.003"/>
  <system-out><![CDATA[Echo request: {"data":"whooooo","type":"echo"}
Echo request: {"data1":"whooooo","type":"echo"}
Echo request: {"data":33,"type":"echo"}
Echo request: {"data":true,"type":"echo"}
]]></system-out>
  <system-err><![CDATA[]]></system-err>
</testsuite>
